<?xml version="1.0" encoding="UTF-8"?>
<!-- Generated by org.testng.reporters.JUnitReportReporter -->
<testsuite hostname="DESKTOP-36C8921" failures="0" tests="1" name="tests.SearchProductTest" time="7.460" errors="0" timestamp="2019-10-28T23:21:05 EET" skipped="0">
  <testcase classname="tests.SearchProductTest" name="usercansearchforproduct" time="7.460"/>
</testsuite> <!-- tests.SearchProductTest -->
