<?xml version="1.0" encoding="UTF-8"?>
<!-- Generated by org.testng.reporters.JUnitReportReporter -->
<testsuite hostname="DESKTOP-36C8921" failures="0" tests="1" name="tests.ProductHoverMenuTest" time="3.163" errors="0" timestamp="2019-10-29T23:42:32 EET" skipped="0">
  <testcase classname="tests.ProductHoverMenuTest" name="usercanselectsubcategoryfrommainmenu" time="3.163"/>
</testsuite> <!-- tests.ProductHoverMenuTest -->
