<?xml version="1.0" encoding="UTF-8"?>
<!-- Generated by org.testng.reporters.JUnitReportReporter -->
<testsuite hostname="DESKTOP-36C8921" failures="0" tests="2" name="tests.AddproductWishlist" time="18.456" errors="0" timestamp="2019-10-30T12:43:19 EET" skipped="0">
  <testcase classname="tests.AddproductWishlist" name="usercansearchusingautosugeestion" time="17.278"/>
  <testcase classname="tests.AddproductWishlist" name="userremoveproducttowishlist" time="1.178"/>
</testsuite> <!-- tests.AddproductWishlist -->
