<?xml version="1.0" encoding="UTF-8"?>
<!-- Generated by org.testng.reporters.JUnitReportReporter -->
<testsuite hostname="DESKTOP-36C8921" failures="0" tests="1" name="testsusinfDDT.UserRegisterationWithCSVFile" time="69.631" errors="0" timestamp="2019-11-02T07:27:42 EET" skipped="0">
  <testcase classname="testsusinfDDT.UserRegisterationWithCSVFile" name="usercanregistersuccessfully" time="69.631"/>
</testsuite> <!-- testsusinfDDT.UserRegisterationWithCSVFile -->
