<?xml version="1.0" encoding="UTF-8"?>
<!-- Generated by org.testng.reporters.JUnitReportReporter -->
<testsuite hostname="DESKTOP-36C8921" failures="0" tests="3" name="tests.EmailTest" time="22.371" errors="0" timestamp="2019-10-29T17:18:20 EET" skipped="0">
  <testcase classname="tests.EmailTest" name="usercanregistersuccessfully" time="5.776"/>
  <testcase classname="tests.EmailTest" name="usercansearchusingautosugeestion" time="10.641"/>
  <testcase classname="tests.EmailTest" name="registerduseremailproducttofriend" time="5.954"/>
</testsuite> <!-- tests.EmailTest -->
