<?xml version="1.0" encoding="UTF-8"?>
<!-- Generated by org.testng.reporters.JUnitReportReporter -->
<testsuite hostname="DESKTOP-36C8921" failures="0" tests="1" name="tests.ContactUsTest" time="8.370" errors="0" timestamp="2019-10-29T13:56:54 EET" skipped="0">
  <testcase classname="tests.ContactUsTest" name="usercontactus" time="8.370"/>
</testsuite> <!-- tests.ContactUsTest -->
