<?xml version="1.0" encoding="UTF-8"?>
<!-- Generated by org.testng.reporters.JUnitReportReporter -->
<testsuite hostname="DESKTOP-36C8921" failures="0" tests="3" name="tests.UserRegerationTest" time="68.790" errors="0" timestamp="2019-11-02T03:05:14 EET" skipped="0">
  <testcase classname="tests.UserRegerationTest" name="registerdusercanlogout" time="7.775"/>
  <testcase classname="tests.UserRegerationTest" name="registerusercanlogin" time="7.214"/>
  <testcase classname="tests.UserRegerationTest" name="usercanregistersuccessfully" time="53.801"/>
</testsuite> <!-- tests.UserRegerationTest -->
