<?xml version="1.0" encoding="UTF-8"?>
<!-- Generated by org.testng.reporters.JUnitReportReporter -->
<testsuite hostname="DESKTOP-36C8921" failures="0" tests="1" name="tests.SearchProductUsingAutomationSuggest" time="8.668" errors="0" timestamp="2019-10-29T12:17:01 EET" skipped="0">
  <testcase classname="tests.SearchProductUsingAutomationSuggest" name="usercansearchusingautosugeestion" time="8.668"/>
</testsuite> <!-- tests.SearchProductUsingAutomationSuggest -->
