<?xml version="1.0" encoding="UTF-8"?>
<!-- Generated by org.testng.reporters.JUnitReportReporter -->
<testsuite hostname="DESKTOP-36C8921" failures="0" tests="3" name="tests.ProductReviewtest" time="18.099" errors="0" timestamp="2019-10-29T22:54:36 EET" skipped="0">
  <testcase classname="tests.ProductReviewtest" name="usercanregistersuccessfully" time="6.782"/>
  <testcase classname="tests.ProductReviewtest" name="usercansearchusingautosugeestion" time="8.886"/>
  <testcase classname="tests.ProductReviewtest" name="registerduseraddproductreview" time="2.431"/>
</testsuite> <!-- tests.ProductReviewtest -->
