<?xml version="1.0" encoding="UTF-8"?>
<!-- Generated by org.testng.reporters.JUnitReportReporter -->
<testsuite hostname="DESKTOP-36C8921" failures="0" tests="2" name="tests.AddToCardTest" time="11.512" errors="0" timestamp="2019-10-31T13:59:23 EET" skipped="0">
  <testcase classname="tests.AddToCardTest" name="usercansearchusingautosugeestion" time="8.458"/>
  <testcase classname="tests.AddToCardTest" name="usercanadproducttoshoppingcard" time="3.054"/>
</testsuite> <!-- tests.AddToCardTest -->
