<?xml version="1.0" encoding="UTF-8"?>
<!-- Generated by org.testng.reporters.JUnitReportReporter -->
<testsuite hostname="DESKTOP-36C8921" failures="0" tests="2" name="tests.AddtoCompareTest" time="18.065" errors="0" timestamp="2019-10-31T12:44:04 EET" skipped="0">
  <testcase classname="tests.AddtoCompareTest" name="usercancompareproduct" time="16.309"/>
  <testcase classname="tests.AddtoCompareTest" name="usercanclearcomparelist" time="1.756"/>
</testsuite> <!-- tests.AddtoCompareTest -->
