<?xml version="1.0" encoding="UTF-8"?>
<!-- Generated by org.testng.reporters.JUnitReportReporter -->
<testsuite hostname="DESKTOP-36C8921" failures="0" tests="2" name="testsusinfDDT.UserRegisterusisgDDT" time="41.033" errors="0" timestamp="2019-11-02T03:27:22 EET" skipped="0">
  <testcase classname="testsusinfDDT.UserRegisterusisgDDT" name="usercanregistersuccessfully" time="23.157"/>
  <testcase classname="testsusinfDDT.UserRegisterusisgDDT" name="usercanregistersuccessfully" time="17.876"/>
</testsuite> <!-- testsusinfDDT.UserRegisterusisgDDT -->
