<?xml version="1.0" encoding="UTF-8"?>
<!-- Generated by org.testng.reporters.JUnitReportReporter -->
<testsuite hostname="DESKTOP-36C8921" failures="0" tests="3" name="testsusinfDDT.UserRegisterationWithJavaFaker" time="22.800" errors="0" timestamp="2019-11-02T12:45:49 EET" skipped="0">
  <testcase classname="testsusinfDDT.UserRegisterationWithJavaFaker" name="registerusercanlogin" time="7.822"/>
  <testcase classname="testsusinfDDT.UserRegisterationWithJavaFaker" name="registerdusercanlogout" time="3.723"/>
  <testcase classname="testsusinfDDT.UserRegisterationWithJavaFaker" name="usercanregistersuccessfully" time="11.255"/>
</testsuite> <!-- testsusinfDDT.UserRegisterationWithJavaFaker -->
